<?xml version="1.0" encoding="UTF-8"?>
<testng-results skipped="0" failed="0" total="1" passed="1">
  <reporter-output>
  </reporter-output>
  <suite name="Suite" duration-ms="14556" started-at="2018-06-14T12:25:31Z" finished-at="2018-06-14T12:25:46Z">
    <groups>
    </groups>
    <test name="Test" duration-ms="14556" started-at="2018-06-14T12:25:31Z" finished-at="2018-06-14T12:25:46Z">
      <class name="learning.TestClass">
        <test-method status="PASS" signature="setup()[pri:0, instance:learning.TestClass@71be98f5]" name="setup" is-config="true" duration-ms="10568" started-at="2018-06-14T17:55:31Z" finished-at="2018-06-14T17:55:42Z">
          <reporter-output>
          </reporter-output>
        </test-method> <!-- setup -->
        <test-method status="PASS" signature="test_Home_Page_Appear_Correct()[pri:0, instance:learning.TestClass@71be98f5]" name="test_Home_Page_Appear_Correct" duration-ms="3935" started-at="2018-06-14T17:55:42Z" finished-at="2018-06-14T17:55:46Z">
          <reporter-output>
          </reporter-output>
        </test-method> <!-- test_Home_Page_Appear_Correct -->
        <test-method status="PASS" signature="close()[pri:0, instance:learning.TestClass@71be98f5]" name="close" is-config="true" duration-ms="16" started-at="2018-06-14T17:55:46Z" finished-at="2018-06-14T17:55:46Z">
          <reporter-output>
          </reporter-output>
        </test-method> <!-- close -->
      </class> <!-- learning.TestClass -->
    </test> <!-- Test -->
  </suite> <!-- Suite -->
</testng-results>
