<?xml version="1.0" encoding="UTF-8"?>
<!-- Generated by org.testng.reporters.JUnitXMLReporter -->
<testsuite hostname="BLD23314" name="Command line test" tests="3" failures="0" timestamp="14 Jun 2018 11:25:23 GMT" time="72.398" errors="0">
  <testcase name="test_Home_Page_Appear_Correct" time="2.992" classname="learning.TestClass"/>
  <testcase name="addNewEMployee" time="11.985" classname="learning.TestClass"/>
  <testcase name="verifyEmp" time="22.735" classname="learning.TestClass"/>
</testsuite> <!-- Command line test -->
