<?xml version="1.0" encoding="UTF-8"?>
<testng-results skipped="0" failed="0" total="1" passed="1">
  <reporter-output>
  </reporter-output>
  <suite name="Suite" duration-ms="18720" started-at="2018-06-14T12:24:21Z" finished-at="2018-06-14T12:24:40Z">
    <groups>
    </groups>
    <test name="Test" duration-ms="18720" started-at="2018-06-14T12:24:21Z" finished-at="2018-06-14T12:24:40Z">
      <class name="learning.TestClass">
        <test-method status="PASS" signature="setup()[pri:0, instance:learning.TestClass@5c3bd550]" name="setup" is-config="true" duration-ms="15370" started-at="2018-06-14T17:54:21Z" finished-at="2018-06-14T17:54:37Z">
          <reporter-output>
          </reporter-output>
        </test-method> <!-- setup -->
        <test-method status="PASS" signature="test_Home_Page_Appear_Correct()[pri:0, instance:learning.TestClass@5c3bd550]" name="test_Home_Page_Appear_Correct" duration-ms="3208" started-at="2018-06-14T17:54:37Z" finished-at="2018-06-14T17:54:40Z">
          <reporter-output>
          </reporter-output>
        </test-method> <!-- test_Home_Page_Appear_Correct -->
        <test-method status="PASS" signature="close()[pri:0, instance:learning.TestClass@5c3bd550]" name="close" is-config="true" duration-ms="123" started-at="2018-06-14T17:54:40Z" finished-at="2018-06-14T17:54:40Z">
          <reporter-output>
          </reporter-output>
        </test-method> <!-- close -->
      </class> <!-- learning.TestClass -->
    </test> <!-- Test -->
  </suite> <!-- Suite -->
</testng-results>
